Performing C SOURCE FILE Test CMAKE_HAVE_LIBC_PTHREAD failed with the following output:
Change Dir: /mnt/c/Users/Kacper/Documents/INF/Pizzas-git/pizzas/build/CMakeFiles/CMakeTmp

Run Build Command(s):/usr/bin/make cmTC_0c8c0/fast && /usr/bin/make -f CMakeFiles/cmTC_0c8c0.dir/build.make CMakeFiles/cmTC_0c8c0.dir/build
make[1]: Entering directory '/mnt/c/Users/Kacper/Documents/INF/Pizzas-git/pizzas/build/CMakeFiles/CMakeTmp'
Building C object CMakeFiles/cmTC_0c8c0.dir/src.c.o
/usr/bin/cc   -DCMAKE_HAVE_LIBC_PTHREAD   -o CMakeFiles/cmTC_0c8c0.dir/src.c.o   -c /mnt/c/Users/Kacper/Documents/INF/Pizzas-git/pizzas/build/CMakeFiles/CMakeTmp/src.c
Linking C executable cmTC_0c8c0
/usr/bin/cmake -E cmake_link_script CMakeFiles/cmTC_0c8c0.dir/link.txt --verbose=1
/usr/bin/cc  -DCMAKE_HAVE_LIBC_PTHREAD    CMakeFiles/cmTC_0c8c0.dir/src.c.o  -o cmTC_0c8c0 
/usr/bin/ld: CMakeFiles/cmTC_0c8c0.dir/src.c.o: in function `main':
src.c:(.text+0x46): undefined reference to `pthread_create'
/usr/bin/ld: src.c:(.text+0x52): undefined reference to `pthread_detach'
/usr/bin/ld: src.c:(.text+0x63): undefined reference to `pthread_join'
collect2: error: ld returned 1 exit status
make[1]: *** [CMakeFiles/cmTC_0c8c0.dir/build.make:87: cmTC_0c8c0] Error 1
make[1]: Leaving directory '/mnt/c/Users/Kacper/Documents/INF/Pizzas-git/pizzas/build/CMakeFiles/CMakeTmp'
make: *** [Makefile:121: cmTC_0c8c0/fast] Error 2


Source file was:
#include <pthread.h>

void* test_func(void* data)
{
  return data;
}

int main(void)
{
  pthread_t thread;
  pthread_create(&thread, NULL, test_func, NULL);
  pthread_detach(thread);
  pthread_join(thread, NULL);
  pthread_atfork(NULL, NULL, NULL);
  pthread_exit(NULL);

  return 0;
}

Determining if the function pthread_create exists in the pthreads failed with the following output:
Change Dir: /mnt/c/Users/Kacper/Documents/INF/Pizzas-git/pizzas/build/CMakeFiles/CMakeTmp

Run Build Command(s):/usr/bin/make cmTC_2d0a8/fast && /usr/bin/make -f CMakeFiles/cmTC_2d0a8.dir/build.make CMakeFiles/cmTC_2d0a8.dir/build
make[1]: Entering directory '/mnt/c/Users/Kacper/Documents/INF/Pizzas-git/pizzas/build/CMakeFiles/CMakeTmp'
Building C object CMakeFiles/cmTC_2d0a8.dir/CheckFunctionExists.c.o
/usr/bin/cc   -DCHECK_FUNCTION_EXISTS=pthread_create   -o CMakeFiles/cmTC_2d0a8.dir/CheckFunctionExists.c.o   -c /usr/share/cmake-3.16/Modules/CheckFunctionExists.c
Linking C executable cmTC_2d0a8
/usr/bin/cmake -E cmake_link_script CMakeFiles/cmTC_2d0a8.dir/link.txt --verbose=1
/usr/bin/cc  -DCHECK_FUNCTION_EXISTS=pthread_create    CMakeFiles/cmTC_2d0a8.dir/CheckFunctionExists.c.o  -o cmTC_2d0a8  -lpthreads 
/usr/bin/ld: cannot find -lpthreads
collect2: error: ld returned 1 exit status
make[1]: *** [CMakeFiles/cmTC_2d0a8.dir/build.make:87: cmTC_2d0a8] Error 1
make[1]: Leaving directory '/mnt/c/Users/Kacper/Documents/INF/Pizzas-git/pizzas/build/CMakeFiles/CMakeTmp'
make: *** [Makefile:121: cmTC_2d0a8/fast] Error 2



Performing C SOURCE FILE Test CMAKE_HAVE_LIBC_PTHREAD failed with the following output:
Change Dir: /mnt/c/Users/Kacper/Documents/INF/Pizzas-git/pizzas/build/CMakeFiles/CMakeTmp

Run Build Command(s):/usr/bin/make cmTC_2361b/fast && make[1]: Entering directory '/mnt/c/Users/Kacper/Documents/INF/Pizzas-git/pizzas/build/CMakeFiles/CMakeTmp'
/usr/bin/make -f CMakeFiles/cmTC_2361b.dir/build.make CMakeFiles/cmTC_2361b.dir/build
make[2]: Entering directory '/mnt/c/Users/Kacper/Documents/INF/Pizzas-git/pizzas/build/CMakeFiles/CMakeTmp'
Building C object CMakeFiles/cmTC_2361b.dir/src.c.o
/usr/bin/cc   -DCMAKE_HAVE_LIBC_PTHREAD   -o CMakeFiles/cmTC_2361b.dir/src.c.o   -c /mnt/c/Users/Kacper/Documents/INF/Pizzas-git/pizzas/build/CMakeFiles/CMakeTmp/src.c
Linking C executable cmTC_2361b
/usr/bin/cmake -E cmake_link_script CMakeFiles/cmTC_2361b.dir/link.txt --verbose=1
/usr/bin/cc  -DCMAKE_HAVE_LIBC_PTHREAD    CMakeFiles/cmTC_2361b.dir/src.c.o  -o cmTC_2361b 
/usr/bin/ld: CMakeFiles/cmTC_2361b.dir/src.c.o: in function `main':
src.c:(.text+0x46): undefined reference to `pthread_create'
/usr/bin/ld: src.c:(.text+0x52): undefined reference to `pthread_detach'
/usr/bin/ld: src.c:(.text+0x63): undefined reference to `pthread_join'
collect2: error: ld returned 1 exit status
make[2]: *** [CMakeFiles/cmTC_2361b.dir/build.make:87: cmTC_2361b] Error 1
make[2]: Leaving directory '/mnt/c/Users/Kacper/Documents/INF/Pizzas-git/pizzas/build/CMakeFiles/CMakeTmp'
make[1]: *** [Makefile:121: cmTC_2361b/fast] Error 2
make[1]: Leaving directory '/mnt/c/Users/Kacper/Documents/INF/Pizzas-git/pizzas/build/CMakeFiles/CMakeTmp'


Source file was:
#include <pthread.h>

void* test_func(void* data)
{
  return data;
}

int main(void)
{
  pthread_t thread;
  pthread_create(&thread, NULL, test_func, NULL);
  pthread_detach(thread);
  pthread_join(thread, NULL);
  pthread_atfork(NULL, NULL, NULL);
  pthread_exit(NULL);

  return 0;
}

Determining if the function pthread_create exists in the pthreads failed with the following output:
Change Dir: /mnt/c/Users/Kacper/Documents/INF/Pizzas-git/pizzas/build/CMakeFiles/CMakeTmp

Run Build Command(s):/usr/bin/make cmTC_46dfb/fast && make[1]: Entering directory '/mnt/c/Users/Kacper/Documents/INF/Pizzas-git/pizzas/build/CMakeFiles/CMakeTmp'
/usr/bin/make -f CMakeFiles/cmTC_46dfb.dir/build.make CMakeFiles/cmTC_46dfb.dir/build
make[2]: Entering directory '/mnt/c/Users/Kacper/Documents/INF/Pizzas-git/pizzas/build/CMakeFiles/CMakeTmp'
Building C object CMakeFiles/cmTC_46dfb.dir/CheckFunctionExists.c.o
/usr/bin/cc   -DCHECK_FUNCTION_EXISTS=pthread_create   -o CMakeFiles/cmTC_46dfb.dir/CheckFunctionExists.c.o   -c /usr/share/cmake-3.16/Modules/CheckFunctionExists.c
Linking C executable cmTC_46dfb
/usr/bin/cmake -E cmake_link_script CMakeFiles/cmTC_46dfb.dir/link.txt --verbose=1
/usr/bin/cc  -DCHECK_FUNCTION_EXISTS=pthread_create    CMakeFiles/cmTC_46dfb.dir/CheckFunctionExists.c.o  -o cmTC_46dfb  -lpthreads 
/usr/bin/ld: cannot find -lpthreads
collect2: error: ld returned 1 exit status
make[2]: *** [CMakeFiles/cmTC_46dfb.dir/build.make:87: cmTC_46dfb] Error 1
make[2]: Leaving directory '/mnt/c/Users/Kacper/Documents/INF/Pizzas-git/pizzas/build/CMakeFiles/CMakeTmp'
make[1]: *** [Makefile:121: cmTC_46dfb/fast] Error 2
make[1]: Leaving directory '/mnt/c/Users/Kacper/Documents/INF/Pizzas-git/pizzas/build/CMakeFiles/CMakeTmp'



Performing C SOURCE FILE Test CMAKE_HAVE_LIBC_PTHREAD failed with the following output:
Change Dir: /mnt/c/Users/Kacper/Documents/INF/Pizzas-git/pizzas/build/CMakeFiles/CMakeTmp

Run Build Command(s):/usr/bin/make cmTC_c9c80/fast && /usr/bin/make -f CMakeFiles/cmTC_c9c80.dir/build.make CMakeFiles/cmTC_c9c80.dir/build
make[1]: Entering directory '/mnt/c/Users/Kacper/Documents/INF/Pizzas-git/pizzas/build/CMakeFiles/CMakeTmp'
Building C object CMakeFiles/cmTC_c9c80.dir/src.c.o
/usr/bin/cc   -DCMAKE_HAVE_LIBC_PTHREAD   -o CMakeFiles/cmTC_c9c80.dir/src.c.o   -c /mnt/c/Users/Kacper/Documents/INF/Pizzas-git/pizzas/build/CMakeFiles/CMakeTmp/src.c
Linking C executable cmTC_c9c80
/usr/bin/cmake -E cmake_link_script CMakeFiles/cmTC_c9c80.dir/link.txt --verbose=1
/usr/bin/cc  -DCMAKE_HAVE_LIBC_PTHREAD    CMakeFiles/cmTC_c9c80.dir/src.c.o  -o cmTC_c9c80 
/usr/bin/ld: CMakeFiles/cmTC_c9c80.dir/src.c.o: in function `main':
src.c:(.text+0x46): undefined reference to `pthread_create'
/usr/bin/ld: src.c:(.text+0x52): undefined reference to `pthread_detach'
/usr/bin/ld: src.c:(.text+0x63): undefined reference to `pthread_join'
collect2: error: ld returned 1 exit status
make[1]: *** [CMakeFiles/cmTC_c9c80.dir/build.make:87: cmTC_c9c80] Error 1
make[1]: Leaving directory '/mnt/c/Users/Kacper/Documents/INF/Pizzas-git/pizzas/build/CMakeFiles/CMakeTmp'
make: *** [Makefile:121: cmTC_c9c80/fast] Error 2


Source file was:
#include <pthread.h>

void* test_func(void* data)
{
  return data;
}

int main(void)
{
  pthread_t thread;
  pthread_create(&thread, NULL, test_func, NULL);
  pthread_detach(thread);
  pthread_join(thread, NULL);
  pthread_atfork(NULL, NULL, NULL);
  pthread_exit(NULL);

  return 0;
}

Determining if the function pthread_create exists in the pthreads failed with the following output:
Change Dir: /mnt/c/Users/Kacper/Documents/INF/Pizzas-git/pizzas/build/CMakeFiles/CMakeTmp

Run Build Command(s):/usr/bin/make cmTC_aae48/fast && /usr/bin/make -f CMakeFiles/cmTC_aae48.dir/build.make CMakeFiles/cmTC_aae48.dir/build
make[1]: Entering directory '/mnt/c/Users/Kacper/Documents/INF/Pizzas-git/pizzas/build/CMakeFiles/CMakeTmp'
Building C object CMakeFiles/cmTC_aae48.dir/CheckFunctionExists.c.o
/usr/bin/cc   -DCHECK_FUNCTION_EXISTS=pthread_create   -o CMakeFiles/cmTC_aae48.dir/CheckFunctionExists.c.o   -c /usr/share/cmake-3.16/Modules/CheckFunctionExists.c
Linking C executable cmTC_aae48
/usr/bin/cmake -E cmake_link_script CMakeFiles/cmTC_aae48.dir/link.txt --verbose=1
/usr/bin/cc  -DCHECK_FUNCTION_EXISTS=pthread_create    CMakeFiles/cmTC_aae48.dir/CheckFunctionExists.c.o  -o cmTC_aae48  -lpthreads 
/usr/bin/ld: cannot find -lpthreads
collect2: error: ld returned 1 exit status
make[1]: *** [CMakeFiles/cmTC_aae48.dir/build.make:87: cmTC_aae48] Error 1
make[1]: Leaving directory '/mnt/c/Users/Kacper/Documents/INF/Pizzas-git/pizzas/build/CMakeFiles/CMakeTmp'
make: *** [Makefile:121: cmTC_aae48/fast] Error 2



Performing C SOURCE FILE Test CMAKE_HAVE_LIBC_PTHREAD failed with the following output:
Change Dir: /mnt/c/Users/Kacper/Documents/INF/Pizzas-git/pizzas/build/CMakeFiles/CMakeTmp

Run Build Command(s):/usr/bin/make cmTC_c4576/fast && make[1]: Entering directory '/mnt/c/Users/Kacper/Documents/INF/Pizzas-git/pizzas/build/CMakeFiles/CMakeTmp'
/usr/bin/make -f CMakeFiles/cmTC_c4576.dir/build.make CMakeFiles/cmTC_c4576.dir/build
make[2]: Entering directory '/mnt/c/Users/Kacper/Documents/INF/Pizzas-git/pizzas/build/CMakeFiles/CMakeTmp'
Building C object CMakeFiles/cmTC_c4576.dir/src.c.o
/usr/bin/cc   -DCMAKE_HAVE_LIBC_PTHREAD   -o CMakeFiles/cmTC_c4576.dir/src.c.o   -c /mnt/c/Users/Kacper/Documents/INF/Pizzas-git/pizzas/build/CMakeFiles/CMakeTmp/src.c
Linking C executable cmTC_c4576
/usr/bin/cmake -E cmake_link_script CMakeFiles/cmTC_c4576.dir/link.txt --verbose=1
/usr/bin/cc  -DCMAKE_HAVE_LIBC_PTHREAD    CMakeFiles/cmTC_c4576.dir/src.c.o  -o cmTC_c4576 
/usr/bin/ld: CMakeFiles/cmTC_c4576.dir/src.c.o: in function `main':
src.c:(.text+0x46): undefined reference to `pthread_create'
/usr/bin/ld: src.c:(.text+0x52): undefined reference to `pthread_detach'
/usr/bin/ld: src.c:(.text+0x63): undefined reference to `pthread_join'
collect2: error: ld returned 1 exit status
make[2]: *** [CMakeFiles/cmTC_c4576.dir/build.make:87: cmTC_c4576] Error 1
make[2]: Leaving directory '/mnt/c/Users/Kacper/Documents/INF/Pizzas-git/pizzas/build/CMakeFiles/CMakeTmp'
make[1]: *** [Makefile:121: cmTC_c4576/fast] Error 2
make[1]: Leaving directory '/mnt/c/Users/Kacper/Documents/INF/Pizzas-git/pizzas/build/CMakeFiles/CMakeTmp'


Source file was:
#include <pthread.h>

void* test_func(void* data)
{
  return data;
}

int main(void)
{
  pthread_t thread;
  pthread_create(&thread, NULL, test_func, NULL);
  pthread_detach(thread);
  pthread_join(thread, NULL);
  pthread_atfork(NULL, NULL, NULL);
  pthread_exit(NULL);

  return 0;
}

Determining if the function pthread_create exists in the pthreads failed with the following output:
Change Dir: /mnt/c/Users/Kacper/Documents/INF/Pizzas-git/pizzas/build/CMakeFiles/CMakeTmp

Run Build Command(s):/usr/bin/make cmTC_87c97/fast && make[1]: Entering directory '/mnt/c/Users/Kacper/Documents/INF/Pizzas-git/pizzas/build/CMakeFiles/CMakeTmp'
/usr/bin/make -f CMakeFiles/cmTC_87c97.dir/build.make CMakeFiles/cmTC_87c97.dir/build
make[2]: Entering directory '/mnt/c/Users/Kacper/Documents/INF/Pizzas-git/pizzas/build/CMakeFiles/CMakeTmp'
Building C object CMakeFiles/cmTC_87c97.dir/CheckFunctionExists.c.o
/usr/bin/cc   -DCHECK_FUNCTION_EXISTS=pthread_create   -o CMakeFiles/cmTC_87c97.dir/CheckFunctionExists.c.o   -c /usr/share/cmake-3.16/Modules/CheckFunctionExists.c
Linking C executable cmTC_87c97
/usr/bin/cmake -E cmake_link_script CMakeFiles/cmTC_87c97.dir/link.txt --verbose=1
/usr/bin/cc  -DCHECK_FUNCTION_EXISTS=pthread_create    CMakeFiles/cmTC_87c97.dir/CheckFunctionExists.c.o  -o cmTC_87c97  -lpthreads 
/usr/bin/ld: cannot find -lpthreads
collect2: error: ld returned 1 exit status
make[2]: *** [CMakeFiles/cmTC_87c97.dir/build.make:87: cmTC_87c97] Error 1
make[2]: Leaving directory '/mnt/c/Users/Kacper/Documents/INF/Pizzas-git/pizzas/build/CMakeFiles/CMakeTmp'
make[1]: *** [Makefile:121: cmTC_87c97/fast] Error 2
make[1]: Leaving directory '/mnt/c/Users/Kacper/Documents/INF/Pizzas-git/pizzas/build/CMakeFiles/CMakeTmp'



